<?xml version="1.0" encoding="UTF-8" ?>
<testsuite errors="0" failures="0" hostname="LAPTOP-KQB9RH0D" name="TreatmentFinder.DatabaseTest" skipped="0" tests="2" time="2.39" timestamp="2020-02-06T16:27:25">
  <properties>
    <property name="default.javac.source" value="1.4" />
    <property name="file.encoding.pkg" value="sun.io" />
    <property name="libs.junit_5.src" value="C:/Users/Robert/Documents/NetBeansProjects/AgileProject/Software_Code/AgileJavaHospitalProject/lib/junit_5/junit-jupiter-api-5.3.1-sources.jar;C:/Users/Robert/Documents/NetBeansProjects/AgileProject/Software_Code/AgileJavaHospitalProject/lib/junit_5/junit-jupiter-params-5.3.1-sources.jar;C:/Users/Robert/Documents/NetBeansProjects/AgileProject/Software_Code/AgileJavaHospitalProject/lib/junit_5/junit-jupiter-engine-5.3.1-sources.jar" />
    <property name="javac.source" value="1.8" />
    <property name="testng.debug.mode" value="" />
    <property name="java.home" value="C:\Program Files\Java\jdk1.8.0_144\jre" />
    <property name="jspc.schemas" value="/resources/schemas/" />
    <property name="test.src.dir" value="test" />
    <property name="sun.java2d.dpiaware" value="true" />
    <property name="javadoc.version" value="false" />
    <property name="libs.CopyLibs.classpath" value="C:/Users/Robert/Documents/NetBeansProjects/AgileProject/Software_Code/AgileJavaHospitalProject/lib/CopyLibs/org-netbeans-modules-java-j2seproject-copylibstask.jar" />
    <property name="do.tmp.war.package.with.custom.manifest" value="true" />
    <property name="libraries.path" value="C:\Users\Robert\Documents\NetBeansProjects\AgileProject\Software_Code\AgileJavaHospitalProject\lib\nblibraries.properties" />
    <property name="java.endorsed.dirs" value="C:\Program Files\Java\jdk1.8.0_144\jre\lib\endorsed" />
    <property name="libs.javaee-endorsed-api-7.0.displayName" value="Java EE 7 Endorsed API Library" />
    <property name="src.dir" value="src/java" />
    <property name="sun.java2d.noddraw" value="true" />
    <property name="source.root" value="src" />
    <property name="netbeans.hash.code" value="unique=NB_CND_EXTIDE_GFMOD_GROOVY_JAVA_JC_MOB_PHP_WEBCOMMON_WEBEE031a546c1-b967-408b-97c7-9a7d1415e4fa_4b03c289-efcd-437f-823e-5ac0e1f8bc6f" />
    <property name="have.sources" value="true" />
    <property name="includes" value="**" />
    <property name="javac.fork" value="false" />
    <property name="source.encoding" value="UTF-8" />
    <property name="application.args.param" value="" />
    <property name="libs.junit_5.prop-maven-dependencies" value="&#xa;                org.junit.jupiter:junit-jupiter-api:5.3.1:jar&#xa;                org.junit.jupiter:junit-jupiter-params:5.3.1:jar&#xa;                org.junit.jupiter:junit-jupiter-engine:5.3.1:jar&#xa;            " />
    <property name="sun.os.patch.level" value="" />
    <property name="java.vendor.url" value="http://java.oracle.com/" />
    <property name="java.version" value="1.8.0_144" />
    <property name="nb.show.statistics.ui" value="usageStatisticsEnabled" />
    <property name="build.web.excludes" value="**/*.java,**/*.form" />
    <property name="javac.debug" value="true" />
    <property name="display.browser" value="true" />
    <property name="conf.dir" value="src/conf" />
    <property name="org.openide.major.version" value="IDE/1" />
    <property name="deploy.ant.properties.file" value="C:\Users\Robert\AppData\Roaming\NetBeans\8.2\tomcat90.properties" />
    <property name="java.vendor.url.bug" value="http://bugreport.sun.com/bugreport/" />
    <property name="netbeans.autoupdate.variant" value="" />
    <property name="netbeans.buildnumber" value="201609300101" />
    <property name="ant.project.invoked-targets" value="test" />
    <property name="client.urlPart" value="" />
    <property name="annotation.processing.run.all.processors" value="true" />
    <property name="user.name" value="Robert" />
    <property name="j2ee.deploy.on.save" value="true" />
    <property name="empty.dir" value="C:\Users\Robert\Documents\NetBeansProjects\AgileProject\Software_Code\AgileJavaHospitalProject\build\empty" />
    <property name="has.custom.manifest" value="true" />
    <property name="build.meta.inf.dir" value="build/web/META-INF" />
    <property name="sun.io.unicode.encoding" value="UnicodeLittle" />
    <property name="sun.jnu.encoding" value="Cp1252" />
    <property name="do.war.package.with.custom.manifest" value="true" />
    <property name="java.runtime.name" value="Java(TM) SE Runtime Environment" />
    <property name="jdk.home" value="C:\Program Files\Java\jdk1.8.0_144" />
    <property name="lib.dir" value="web/WEB-INF/lib" />
    <property name="sun.awt.keepWorkingSetOnMinimize" value="true" />
    <property name="netbeans.autoupdate.version" value="1.23" />
    <property name="netbeans.dirs" value="C:\Program Files\NetBeans 8.2\nb;C:\Program Files\NetBeans 8.2\ergonomics;C:\Program Files\NetBeans 8.2\ide;C:\Program Files\NetBeans 8.2\extide;C:\Program Files\NetBeans 8.2\java;C:\Program Files\NetBeans 8.2\apisupport;C:\Program Files\NetBeans 8.2\webcommon;C:\Program Files\NetBeans 8.2\websvccommon;C:\Program Files\NetBeans 8.2\enterprise;C:\Program Files\NetBeans 8.2\mobility;C:\Program Files\NetBeans 8.2\profiler;C:\Program Files\NetBeans 8.2\python;C:\Program Files\NetBeans 8.2\php;C:\Program Files\NetBeans 8.2\identity;C:\Program Files\NetBeans 8.2\harness;C:\Program Files\NetBeans 8.2\cnd;C:\Program Files\NetBeans 8.2\cndext;C:\Program Files\NetBeans 8.2\dlight;C:\Program Files\NetBeans 8.2\groovy;C:\Program Files\NetBeans 8.2\extra;C:\Program Files\NetBeans 8.2\javacard;C:\Program Files\NetBeans 8.2\javafx" />
    <property name="java.specification.name" value="Java Platform API Specification" />
    <property name="sun.awt.datatransfer.timeout" value="1000" />
    <property name="javadoc.author" value="false" />
    <property name="ap.proc.none.internal" value="" />
    <property name="user.timezone" value="" />
    <property name="nb.native.filechooser" value="false" />
    <property name="web.docbase.dir" value="web" />
    <property name="org.openide.specification.version" value="6.2" />
    <property name="user.script" value="" />
    <property name="path.separator" value=";" />
    <property name="testng.mode" value="testng" />
    <property name="j2ee.server.home" value="C:/Program Files/apache-tomcat-9.0.30" />
    <property name="netbeans.accept_license_class" value="org.netbeans.license.AcceptLicense" />
    <property name="file.encoding" value="Cp1252" />
    <property name="dist.javadoc.dir" value="dist/javadoc" />
    <property name="ant.project.default-target" value="default" />
    <property name="sun.java.command" value="org.apache.tools.ant.taskdefs.optional.junit.JUnitTestRunner TreatmentFinder.DatabaseTest skipNonTests=false filtertrace=true haltOnError=false haltOnFailure=false showoutput=true outputtoformatters=true logfailedtests=true threadid=0 logtestlistenerevents=true formatter=org.apache.tools.ant.taskdefs.optional.junit.BriefJUnitResultFormatter formatter=org.apache.tools.ant.taskdefs.optional.junit.XMLJUnitResultFormatter,C:\Users\Robert\Documents\NetBeansProjects\AgileProject\Software_Code\AgileJavaHospitalProject\build\test\results\TEST-TreatmentFinder.DatabaseTest.xml crashfile=C:\Users\Robert\Documents\NetBeansProjects\AgileProject\Software_Code\AgileJavaHospitalProject\build\junitvmwatcher751228861146146426.properties propsfile=C:\Users\Robert\Documents\NetBeansProjects\AgileProject\Software_Code\AgileJavaHospitalProject\build\junit302286794246201102.properties" />
    <property name="https.nonProxyHosts" value="localhost|127.0.0.1|LAPTOP-KQB9RH0D" />
    <property name="libs.CopyLibs.displayName" value="CopyLibs Task" />
    <property name="ant.junit.enabletestlistenerevents" value="true" />
    <property name="ant.file" value="C:\Users\Robert\Documents\NetBeansProjects\AgileProject\Software_Code\AgileJavaHospitalProject\build.xml" />
    <property name="persistence.xml.dir" value="src/conf" />
    <property name="libs.junit_4.src" value="C:/Users/Robert/Documents/NetBeansProjects/AgileProject/Software_Code/AgileJavaHospitalProject/lib/junit_4/junit-4.12-sources.jar" />
    <property name="junit.available" value="true" />
    <property name="j2ee.server.instance" value="tomcat90:home=C:\Program Files\apache-tomcat-9.0.30\" />
    <property name="netbeans.autoupdate.language" value="en" />
    <property name="java.io.tmpdir" value="C:\Users\Robert\AppData\Local\Temp\" />
    <property name="build.test.results.dir" value="build/test/results" />
    <property name="user.language" value="en" />
    <property name="line.separator" value="&#xd;&#xa;" />
    <property name="libs.junit_4.displayName" value="JUnit 4.12" />
    <property name="apple.laf.useScreenMenuBar" value="true" />
    <property name="forceRedeploy" value="false" />
    <property name="javac.compilerargs" value="" />
    <property name="nu.validator.checker.imageCandidateString.hasWidth" value="0" />
    <property name="war.name" value="AgileJavaHospitalProject.war" />
    <property name="jar.compress" value="false" />
    <property name="debug-transport-by-os" value="dt_shmem" />
    <property name="libs.javaee-endorsed-api-7.0.classpath" value="C:/Users/Robert/Documents/NetBeansProjects/AgileProject/Software_Code/AgileJavaHospitalProject/lib/javaee-endorsed-api-7.0/javax.annotation-api.jar;C:/Users/Robert/Documents/NetBeansProjects/AgileProject/Software_Code/AgileJavaHospitalProject/lib/javaee-endorsed-api-7.0/javax.xml.soap-api.jar;C:/Users/Robert/Documents/NetBeansProjects/AgileProject/Software_Code/AgileJavaHospitalProject/lib/javaee-endorsed-api-7.0/jaxb-api-osgi.jar;C:/Users/Robert/Documents/NetBeansProjects/AgileProject/Software_Code/AgileJavaHospitalProject/lib/javaee-endorsed-api-7.0/jaxws-api.jar;C:/Users/Robert/Documents/NetBeansProjects/AgileProject/Software_Code/AgileJavaHospitalProject/lib/javaee-endorsed-api-7.0/jsr181-api.jar" />
    <property name="java.vm.info" value="mixed mode" />
    <property name="javadoc.private" value="false" />
    <property name="annotation.processing.processors.list" value="" />
    <property name="sun.desktop" value="windows" />
    <property name="java.vm.specification.name" value="Java Virtual Machine Specification" />
    <property name="build.test.classes.dir" value="build/test/classes" />
    <property name="jspc.dtds" value="/resources/dtds/" />
    <property name="test.binaryexcludes" value="" />
    <property name="netbeans.dynamic.classpath" value="C:\Program Files\NetBeans 8.2\platform\core\asm-all-5.0.1.jar;C:\Program Files\NetBeans 8.2\platform\core\core-base.jar;C:\Program Files\NetBeans 8.2\platform\core\core.jar;C:\Program Files\NetBeans 8.2\platform\core\org-netbeans-libs-asm.jar;C:\Program Files\NetBeans 8.2\platform\core\org-openide-filesystems-compat8.jar;C:\Program Files\NetBeans 8.2\platform\core\org-openide-filesystems.jar;C:\Program Files\NetBeans 8.2\platform\core\locale\core-base_ja.jar;C:\Program Files\NetBeans 8.2\platform\core\locale\core-base_pt_BR.jar;C:\Program Files\NetBeans 8.2\platform\core\locale\core-base_ru.jar;C:\Program Files\NetBeans 8.2\platform\core\locale\core-base_zh_CN.jar;C:\Program Files\NetBeans 8.2\platform\core\locale\core_ja.jar;C:\Program Files\NetBeans 8.2\platform\core\locale\core_pt_BR.jar;C:\Program Files\NetBeans 8.2\platform\core\locale\core_ru.jar;C:\Program Files\NetBeans 8.2\platform\core\locale\core_zh_CN.jar;C:\Program Files\NetBeans 8.2\platform\core\locale\org-netbeans-libs-asm_ja.jar;C:\Program Files\NetBeans 8.2\platform\core\locale\org-netbeans-libs-asm_pt_BR.jar;C:\Program Files\NetBeans 8.2\platform\core\locale\org-netbeans-libs-asm_ru.jar;C:\Program Files\NetBeans 8.2\platform\core\locale\org-netbeans-libs-asm_zh_CN.jar;C:\Program Files\NetBeans 8.2\platform\core\locale\org-openide-filesystems-compat8_ja.jar;C:\Program Files\NetBeans 8.2\platform\core\locale\org-openide-filesystems-compat8_pt_BR.jar;C:\Program Files\NetBeans 8.2\platform\core\locale\org-openide-filesystems-compat8_ru.jar;C:\Program Files\NetBeans 8.2\platform\core\locale\org-openide-filesystems-compat8_zh_CN.jar;C:\Program Files\NetBeans 8.2\platform\core\locale\org-openide-filesystems_ja.jar;C:\Program Files\NetBeans 8.2\platform\core\locale\org-openide-filesystems_pt_BR.jar;C:\Program Files\NetBeans 8.2\platform\core\locale\org-openide-filesystems_ru.jar;C:\Program Files\NetBeans 8.2\platform\core\locale\org-openide-filesystems_zh_CN.jar;C:\Program Files\NetBeans 8.2\nb\core\org-netbeans-upgrader.jar;C:\Program Files\NetBeans 8.2\nb\core\locale\core_nb.jar;C:\Program Files\NetBeans 8.2\nb\core\locale\core_nb_ja.jar;C:\Program Files\NetBeans 8.2\nb\core\locale\core_nb_pt_BR.jar;C:\Program Files\NetBeans 8.2\nb\core\locale\core_nb_ru.jar;C:\Program Files\NetBeans 8.2\nb\core\locale\core_nb_zh_CN.jar;C:\Program Files\NetBeans 8.2\nb\core\locale\org-netbeans-upgrader_ja.jar;C:\Program Files\NetBeans 8.2\nb\core\locale\org-netbeans-upgrader_pt_BR.jar;C:\Program Files\NetBeans 8.2\nb\core\locale\org-netbeans-upgrader_ru.jar;C:\Program Files\NetBeans 8.2\nb\core\locale\org-netbeans-upgrader_zh_CN.jar" />
    <property name="compile.jsps" value="false" />
    <property name="no.dist.ear.dir" value="true" />
    <property name="platform.active" value="default_platform" />
    <property name="ap.cmd.line.internal" value="" />
    <property name="jdkBug6558476" value="false" />
    <property name="do.display.browser.debug" value="true" />
    <property name="http.nonProxyHosts" value="localhost|127.0.0.1|LAPTOP-KQB9RH0D" />
    <property name="libs.junit_4.javadoc" value="C:/Users/Robert/Documents/NetBeansProjects/AgileProject/Software_Code/AgileJavaHospitalProject/lib/junit_4/junit-4.12-javadoc.jar" />
    <property name="endorsed.classpath" value="C:/Users/Robert/Documents/NetBeansProjects/AgileProject/Software_Code/AgileJavaHospitalProject/lib/javaee-endorsed-api-7.0/javax.annotation-api.jar;C:/Users/Robert/Documents/NetBeansProjects/AgileProject/Software_Code/AgileJavaHospitalProject/lib/javaee-endorsed-api-7.0/javax.xml.soap-api.jar;C:/Users/Robert/Documents/NetBeansProjects/AgileProject/Software_Code/AgileJavaHospitalProject/lib/javaee-endorsed-api-7.0/jaxb-api-osgi.jar;C:/Users/Robert/Documents/NetBeansProjects/AgileProject/Software_Code/AgileJavaHospitalProject/lib/javaee-endorsed-api-7.0/jaxws-api.jar;C:/Users/Robert/Documents/NetBeansProjects/AgileProject/Software_Code/AgileJavaHospitalProject/lib/javaee-endorsed-api-7.0/jsr181-api.jar" />
    <property name="netbeans.autoupdate.country" value="GB" />
    <property name="j2ee.server.domain" value="C:/Users/melvinabraham/AppData/Roaming/NetBeans/8.2/apache-tomcat-8.0.27.0_base" />
    <property name="javadoc.encoding" value="UTF-8" />
    <property name="java.awt.printerjob" value="sun.awt.windows.WPrinterJob" />
    <property name="ap.processors.internal" value="" />
    <property name="ant.version" value="Apache Ant(TM) version 1.9.7 compiled on April 9 2016" />
    <property name="netbeans.home" value="C:\Program Files\NetBeans 8.2\platform" />
    <property name="javadoc.nonavbar" value="false" />
    <property name="libs.javaee-endorsed-api-7.0.javadoc" value="C:/Users/Robert/Documents/NetBeansProjects/AgileProject/Software_Code/AgileJavaHospitalProject/lib/javaee-endorsed-api-7.0/javaee-doc-api.jar" />
    <property name="user.properties.file" value="C:\Users\melvinabraham\AppData\Roaming\NetBeans\8.2\build.properties" />
    <property name="netbeans.importclass" value="org.netbeans.upgrade.AutoUpgrade" />
    <property name="build.web.dir" value="build/web" />
    <property name="ant.file.AgileJavaHospitalProject" value="C:\Users\Robert\Documents\NetBeansProjects\AgileProject\Software_Code\AgileJavaHospitalProject\build.xml" />
    <property name="annotation.processing.source.output" value="build/generated-sources/ap-source-output" />
    <property name="j2ee.server.type" value="Tomcat" />
    <property name="build.generated.dir" value="build/generated" />
    <property name="netbeans.home+have.tests" value="true" />
    <property name="apple.awt.graphics.UseQuartz" value="true" />
    <property name="os.name" value="Windows 10" />
    <property name="java.specification.vendor" value="Oracle Corporation" />
    <property name="run.test.classpath" value="lib\mysql-connector-java-8.0.19.jar:build/web/WEB-INF/classes:C:/Users/Robert/Documents/NetBeansProjects/AgileProject/Software_Code/AgileJavaHospitalProject/lib/junit_4/junit-4.12.jar:C:/Users/Robert/Documents/NetBeansProjects/AgileProject/Software_Code/AgileJavaHospitalProject/lib/hamcrest/hamcrest-core-1.3.jar:build/test/classes" />
    <property name="nb.wait.for.caches" value="true" />
    <property name="ant.file.type.AgileJavaHospitalProject-impl" value="file" />
    <property name="java.vm.name" value="Java HotSpot(TM) 64-Bit Server VM" />
    <property name="org.openide.version" value="deprecated" />
    <property name="sun.awt.enableExtraMouseButtons" value="true" />
    <property name="ap.supported.internal" value="true" />
    <property name="java.library.path" value="C:\Program Files\Java\jdk1.8.0_144\jre\bin;C:\WINDOWS\Sun\Java\bin;C:\WINDOWS\system32;C:\WINDOWS;C:\ProgramData\Oracle\Java\javapath;C:\Program Files (x86)\Intel\iCLS Client\;C:\Program Files\Intel\iCLS Client\;C:\WINDOWS\system32;C:\WINDOWS;C:\WINDOWS\System32\Wbem;C:\WINDOWS\System32\WindowsPowerShell\v1.0\;C:\Program Files (x86)\Intel\Intel(R) Management Engine Components\DAL;C:\Program Files\Intel\Intel(R) Management Engine Components\DAL;C:\Program Files (x86)\Intel\Intel(R) Management Engine Components\IPT;C:\Program Files\Intel\Intel(R) Management Engine Components\IPT;C:\WINDOWS\System32\OpenSSH\;C:\Program Files\dotnet\;C:\Program Files\Git\cmd;C:\Program Files\Git LFS;C:\Program Files\Intel\WiFi\bin\;C:\Program Files\Common Files\Intel\WirelessCommon\;C:\Ruby26-x64\bin;C:\Users\Robert\AppData\Local\Programs\Python\Python37-32\Scripts\;C:\Users\Robert\AppData\Local\Programs\Python\Python37-32\;C:\Users\Robert\AppData\Roaming\local\bin;C:\Users\Robert\AppData\Local\Microsoft\WindowsApps;C:\Users\Robert\AppData\Local\GitHubDesktop\bin;C:\Users\Robert\AppData\Local\atom\bin;C:\Users\Robert\AppData\Local\Programs\Microsoft VS Code\bin;C:\Program Files\heroku\bin;%USERPROFILE%\AppData\Local\Microsoft\WindowsApps;C:\Users\Robert\AppData\Local\hyper\app-3.0.2\resources\bin;." />
    <property name="ant.java.version" value="1.8" />
    <property name="do.tmp.war.package" value="true" />
    <property name="jna.boot.library.name" value="jnidispatch-422" />
    <property name="javadoc.noindex" value="false" />
    <property name="basedir" value="C:\Users\Robert\Documents\NetBeansProjects\AgileProject\Software_Code\AgileJavaHospitalProject" />
    <property name="java.class.version" value="52.0" />
    <property name="j2ee.platform" value="1.7-web" />
    <property name="javac.test.classpath" value="lib\mysql-connector-java-8.0.19.jar:build/web/WEB-INF/classes:C:/Users/Robert/Documents/NetBeansProjects/AgileProject/Software_Code/AgileJavaHospitalProject/lib/junit_4/junit-4.12.jar:C:/Users/Robert/Documents/NetBeansProjects/AgileProject/Software_Code/AgileJavaHospitalProject/lib/hamcrest/hamcrest-core-1.3.jar" />
    <property name="javac.processorpath" value="lib\mysql-connector-java-8.0.19.jar" />
    <property name="ant.home" value="C:\Program Files\NetBeans 8.2\extide\ant" />
    <property name="resource.dir" value="setup" />
    <property name="javadoc.splitindex" value="true" />
    <property name="javac.test.processorpath" value="lib\mysql-connector-java-8.0.19.jar:build/web/WEB-INF/classes:C:/Users/Robert/Documents/NetBeansProjects/AgileProject/Software_Code/AgileJavaHospitalProject/lib/junit_4/junit-4.12.jar:C:/Users/Robert/Documents/NetBeansProjects/AgileProject/Software_Code/AgileJavaHospitalProject/lib/hamcrest/hamcrest-core-1.3.jar" />
    <property name="no.dependencies" value="false" />
    <property name="javadoc.preview" value="true" />
    <property name="runmain.jvmargs" value="" />
    <property name="file.reference.mysql-connector-java-8.0.19.jar" value="lib\mysql-connector-java-8.0.19.jar" />
    <property name="libs.junit_4.classpath" value="C:/Users/Robert/Documents/NetBeansProjects/AgileProject/Software_Code/AgileJavaHospitalProject/lib/junit_4/junit-4.12.jar" />
    <property name="test.binarytestincludes" value="" />
    <property name="libs.junit_5.displayName" value="JUnit 5.3.1" />
    <property name="j2ee.compile.on.save" value="true" />
    <property name="build.dir" value="build" />
    <property name="dist.archive.excludes" value="" />
    <property name="sun.boot.library.path" value="C:\Program Files\Java\jdk1.8.0_144\jre\bin" />
    <property name="sun.management.compiler" value="HotSpot 64-Bit Tiered Compilers" />
    <property name="war.content.additional" value="" />
    <property name="user.variant" value="" />
    <property name="java.awt.graphicsenv" value="sun.awt.Win32GraphicsEnvironment" />
    <property name="javadoc.encoding.used" value="UTF-8" />
    <property name="dist.ear.war" value="dist/AgileJavaHospitalProject.war" />
    <property name="libraries.dir.nativedirsep" value="C:\Users\Robert\Documents\NetBeansProjects\AgileProject\Software_Code\AgileJavaHospitalProject\lib" />
    <property name="javadoc.windowtitle" value="" />
    <property name="j2ee.platform.classpath" value="C:/Program Files/apache-tomcat-9.0.30/lib/annotations-api.jar:C:/Program Files/apache-tomcat-9.0.30/lib/catalina-ant.jar:C:/Program Files/apache-tomcat-9.0.30/lib/catalina-ha.jar:C:/Program Files/apache-tomcat-9.0.30/lib/catalina-ssi.jar:C:/Program Files/apache-tomcat-9.0.30/lib/catalina-storeconfig.jar:C:/Program Files/apache-tomcat-9.0.30/lib/catalina-tribes.jar:C:/Program Files/apache-tomcat-9.0.30/lib/catalina.jar:C:/Program Files/apache-tomcat-9.0.30/lib/ecj-4.13.jar:C:/Program Files/apache-tomcat-9.0.30/lib/el-api.jar:C:/Program Files/apache-tomcat-9.0.30/lib/jasper-el.jar:C:/Program Files/apache-tomcat-9.0.30/lib/jasper.jar:C:/Program Files/apache-tomcat-9.0.30/lib/jaspic-api.jar:C:/Program Files/apache-tomcat-9.0.30/lib/jsp-api.jar:C:/Program Files/apache-tomcat-9.0.30/lib/servlet-api.jar:C:/Program Files/apache-tomcat-9.0.30/lib/tomcat-api.jar:C:/Program Files/apache-tomcat-9.0.30/lib/tomcat-coyote.jar:C:/Program Files/apache-tomcat-9.0.30/lib/tomcat-dbcp.jar:C:/Program Files/apache-tomcat-9.0.30/lib/tomcat-i18n-cs.jar:C:/Program Files/apache-tomcat-9.0.30/lib/tomcat-i18n-de.jar:C:/Program Files/apache-tomcat-9.0.30/lib/tomcat-i18n-es.jar:C:/Program Files/apache-tomcat-9.0.30/lib/tomcat-i18n-fr.jar:C:/Program Files/apache-tomcat-9.0.30/lib/tomcat-i18n-ja.jar:C:/Program Files/apache-tomcat-9.0.30/lib/tomcat-i18n-ko.jar:C:/Program Files/apache-tomcat-9.0.30/lib/tomcat-i18n-pt-BR.jar:C:/Program Files/apache-tomcat-9.0.30/lib/tomcat-i18n-ru.jar:C:/Program Files/apache-tomcat-9.0.30/lib/tomcat-i18n-zh-CN.jar:C:/Program Files/apache-tomcat-9.0.30/lib/tomcat-jdbc.jar:C:/Program Files/apache-tomcat-9.0.30/lib/tomcat-jni.jar:C:/Program Files/apache-tomcat-9.0.30/lib/tomcat-util-scan.jar:C:/Program Files/apache-tomcat-9.0.30/lib/tomcat-util.jar:C:/Program Files/apache-tomcat-9.0.30/lib/tomcat-websocket.jar:C:/Program Files/apache-tomcat-9.0.30/lib/websocket-api.jar" />
    <property name="selected.browser" value="Chrome" />
    <property name="libs.hamcrest.classpath" value="C:/Users/Robert/Documents/NetBeansProjects/AgileProject/Software_Code/AgileJavaHospitalProject/lib/hamcrest/hamcrest-core-1.3.jar" />
    <property name="netbeans.productversion" value="NetBeans IDE 8.2 (Build 201609300101)" />
    <property name="annotation.processing.enabled" value="true" />
    <property name="webinf.dir" value="web/WEB-INF" />
    <property name="run.jvmargs.ide" value="" />
    <property name="nb.junit.single" value="false" />
    <property name="build.generated.sources.dir" value="build/generated-sources" />
    <property name="libs.CopyLibs.prop-version" value="2.0" />
    <property name="build.compiler.emacs" value="true" />
    <property name="ant.project.name" value="AgileJavaHospitalProject" />
    <property name="java.vm.specification.version" value="1.8" />
    <property name="j2ee.copy.static.files.on.save" value="true" />
    <property name="libs.junit_5.classpath" value="C:/Users/Robert/Documents/NetBeansProjects/AgileProject/Software_Code/AgileJavaHospitalProject/lib/junit_5/junit-jupiter-api-5.3.1.jar;C:/Users/Robert/Documents/NetBeansProjects/AgileProject/Software_Code/AgileJavaHospitalProject/lib/junit_5/junit-jupiter-params-5.3.1.jar;C:/Users/Robert/Documents/NetBeansProjects/AgileProject/Software_Code/AgileJavaHospitalProject/lib/junit_5/junit-jupiter-engine-5.3.1.jar" />
    <property name="awt.toolkit" value="sun.awt.windows.WToolkit" />
    <property name="javadoc.use" value="true" />
    <property name="sun.cpu.isalist" value="amd64" />
    <property name="java.ext.dirs" value="C:\Program Files\Java\jdk1.8.0_144\jre\lib\ext;C:\WINDOWS\Sun\Java\lib\ext" />
    <property name="os.version" value="10.0" />
    <property name="netbeans.default_userdir_root" value="C:\Users\Robert\AppData\Roaming\NetBeans" />
    <property name="excludes" value="" />
    <property name="jna.loaded" value="true" />
    <property name="user.home" value="C:\Users\Robert" />
    <property name="libraries.basename" value="nblibraries" />
    <property name="org.xml.sax.driver" value="com.sun.org.apache.xerces.internal.jaxp.SAXParserImpl$JAXPSAXParser" />
    <property name="java.vm.vendor" value="Oracle Corporation" />
    <property name="libs.junit_5.javadoc" value="C:/Users/Robert/Documents/NetBeansProjects/AgileProject/Software_Code/AgileJavaHospitalProject/lib/junit_5/junit-jupiter-api-5.3.1-javadoc.jar;C:/Users/Robert/Documents/NetBeansProjects/AgileProject/Software_Code/AgileJavaHospitalProject/lib/junit_5/junit-jupiter-params-5.3.1-javadoc.jar;C:/Users/Robert/Documents/NetBeansProjects/AgileProject/Software_Code/AgileJavaHospitalProject/lib/junit_5/junit-jupiter-engine-5.3.1-javadoc.jar" />
    <property name="user.dir" value="C:\Users\Robert\Documents\NetBeansProjects\AgileProject\Software_Code\AgileJavaHospitalProject" />
    <property name="ant.file.AgileJavaHospitalProject-impl" value="C:\Users\Robert\Documents\NetBeansProjects\AgileProject\Software_Code\AgileJavaHospitalProject\nbproject\build-impl.xml" />
    <property name="debug-transport" value="dt_shmem" />
    <property name="sun.cpu.endian" value="little" />
    <property name="junit.selected.version" value="4" />
    <property name="ignore.failing.tests" value="true" />
    <property name="endorsed.classpath.cmd.line.arg" value="-Xbootclasspath/p:&apos;C:\Users\Robert\Documents\NetBeansProjects\AgileProject\Software_Code\AgileJavaHospitalProject\lib\javaee-endorsed-api-7.0\javax.annotation-api.jar;C:\Users\Robert\Documents\NetBeansProjects\AgileProject\Software_Code\AgileJavaHospitalProject\lib\javaee-endorsed-api-7.0\javax.xml.soap-api.jar;C:\Users\Robert\Documents\NetBeansProjects\AgileProject\Software_Code\AgileJavaHospitalProject\lib\javaee-endorsed-api-7.0\jaxb-api-osgi.jar;C:\Users\Robert\Documents\NetBeansProjects\AgileProject\Software_Code\AgileJavaHospitalProject\lib\javaee-endorsed-api-7.0\jaxws-api.jar;C:\Users\Robert\Documents\NetBeansProjects\AgileProject\Software_Code\AgileJavaHospitalProject\lib\javaee-endorsed-api-7.0\jsr181-api.jar&apos;" />
    <property name="libraries.dir" value="C:/Users/Robert/Documents/NetBeansProjects/AgileProject/Software_Code/AgileJavaHospitalProject/lib" />
    <property name="java.vm.version" value="25.144-b01" />
    <property name="libs.hamcrest.displayName" value="Hamcrest 1.3" />
    <property name="test.binaryincludes" value="&lt;nothing&gt;" />
    <property name="dist.war" value="dist/AgileJavaHospitalProject.war" />
    <property name="java.class.path" value="C:\Users\Robert\Documents\NetBeansProjects\AgileProject\Software_Code\AgileJavaHospitalProject\lib\mysql-connector-java-8.0.19.jar;C:\Users\Robert\Documents\NetBeansProjects\AgileProject\Software_Code\AgileJavaHospitalProject\build\web\WEB-INF\classes;C:\Users\Robert\Documents\NetBeansProjects\AgileProject\Software_Code\AgileJavaHospitalProject\lib\junit_4\junit-4.12.jar;C:\Users\Robert\Documents\NetBeansProjects\AgileProject\Software_Code\AgileJavaHospitalProject\lib\hamcrest\hamcrest-core-1.3.jar;C:\Users\Robert\Documents\NetBeansProjects\AgileProject\Software_Code\AgileJavaHospitalProject\build\test\classes;C:\Program Files\apache-tomcat-9.0.30\lib\annotations-api.jar;C:\Program Files\apache-tomcat-9.0.30\lib\catalina-ant.jar;C:\Program Files\apache-tomcat-9.0.30\lib\catalina-ha.jar;C:\Program Files\apache-tomcat-9.0.30\lib\catalina-ssi.jar;C:\Program Files\apache-tomcat-9.0.30\lib\catalina-storeconfig.jar;C:\Program Files\apache-tomcat-9.0.30\lib\catalina-tribes.jar;C:\Program Files\apache-tomcat-9.0.30\lib\catalina.jar;C:\Program Files\apache-tomcat-9.0.30\lib\ecj-4.13.jar;C:\Program Files\apache-tomcat-9.0.30\lib\el-api.jar;C:\Program Files\apache-tomcat-9.0.30\lib\jasper-el.jar;C:\Program Files\apache-tomcat-9.0.30\lib\jasper.jar;C:\Program Files\apache-tomcat-9.0.30\lib\jaspic-api.jar;C:\Program Files\apache-tomcat-9.0.30\lib\jsp-api.jar;C:\Program Files\apache-tomcat-9.0.30\lib\servlet-api.jar;C:\Program Files\apache-tomcat-9.0.30\lib\tomcat-api.jar;C:\Program Files\apache-tomcat-9.0.30\lib\tomcat-coyote.jar;C:\Program Files\apache-tomcat-9.0.30\lib\tomcat-dbcp.jar;C:\Program Files\apache-tomcat-9.0.30\lib\tomcat-i18n-cs.jar;C:\Program Files\apache-tomcat-9.0.30\lib\tomcat-i18n-de.jar;C:\Program Files\apache-tomcat-9.0.30\lib\tomcat-i18n-es.jar;C:\Program Files\apache-tomcat-9.0.30\lib\tomcat-i18n-fr.jar;C:\Program Files\apache-tomcat-9.0.30\lib\tomcat-i18n-ja.jar;C:\Program Files\apache-tomcat-9.0.30\lib\tomcat-i18n-ko.jar;C:\Program Files\apache-tomcat-9.0.30\lib\tomcat-i18n-pt-BR.jar;C:\Program Files\apache-tomcat-9.0.30\lib\tomcat-i18n-ru.jar;C:\Program Files\apache-tomcat-9.0.30\lib\tomcat-i18n-zh-CN.jar;C:\Program Files\apache-tomcat-9.0.30\lib\tomcat-jdbc.jar;C:\Program Files\apache-tomcat-9.0.30\lib\tomcat-jni.jar;C:\Program Files\apache-tomcat-9.0.30\lib\tomcat-util-scan.jar;C:\Program Files\apache-tomcat-9.0.30\lib\tomcat-util.jar;C:\Program Files\apache-tomcat-9.0.30\lib\tomcat-websocket.jar;C:\Program Files\apache-tomcat-9.0.30\lib\websocket-api.jar;C:\Program Files\NetBeans 8.2\extide\ant\lib\ant-launcher.jar;C:\Program Files\NetBeans 8.2\extide\ant\lib\ant.jar;C:\Program Files\NetBeans 8.2\extide\ant\lib\ant-junit.jar;C:\Program Files\NetBeans 8.2\extide\ant\lib\ant-junit4.jar" />
    <property name="nb.internal.action.name" value="test" />
    <property name="os.arch" value="amd64" />
    <property name="javac.deprecation" value="false" />
    <property name="build.classes.excludes" value="**/*.java,**/*.form" />
    <property name="dist.dir" value="dist" />
    <property name="netbeans.user" value="C:\Users\Robert\AppData\Roaming\NetBeans\8.2" />
    <property name="debug.classpath" value="build/web/WEB-INF/classes:lib\mysql-connector-java-8.0.19.jar" />
    <property name="sun.java.launcher" value="SUN_STANDARD" />
    <property name="do.display.browser" value="true" />
    <property name="ant.file.type.AgileJavaHospitalProject" value="file" />
    <property name="annotation.processing.enabled.in.editor" value="true" />
    <property name="ant.core.lib" value="C:\Program Files\NetBeans 8.2\extide\ant\lib\ant.jar" />
    <property name="java.vm.specification.vendor" value="Oracle Corporation" />
    <property name="file.separator" value="\" />
    <property name="java.runtime.version" value="1.8.0_144-b01" />
    <property name="debug.test.classpath" value="lib\mysql-connector-java-8.0.19.jar:build/web/WEB-INF/classes:C:/Users/Robert/Documents/NetBeansProjects/AgileProject/Software_Code/AgileJavaHospitalProject/lib/junit_4/junit-4.12.jar:C:/Users/Robert/Documents/NetBeansProjects/AgileProject/Software_Code/AgileJavaHospitalProject/lib/hamcrest/hamcrest-core-1.3.jar:build/test/classes" />
    <property name="sun.boot.class.path" value="C:\Users\Robert\Documents\NetBeansProjects\AgileProject\Software_Code\AgileJavaHospitalProject\lib\javaee-endorsed-api-7.0\javax.annotation-api.jar;C:\Users\Robert\Documents\NetBeansProjects\AgileProject\Software_Code\AgileJavaHospitalProject\lib\javaee-endorsed-api-7.0\javax.xml.soap-api.jar;C:\Users\Robert\Documents\NetBeansProjects\AgileProject\Software_Code\AgileJavaHospitalProject\lib\javaee-endorsed-api-7.0\jaxb-api-osgi.jar;C:\Users\Robert\Documents\NetBeansProjects\AgileProject\Software_Code\AgileJavaHospitalProject\lib\javaee-endorsed-api-7.0\jaxws-api.jar;C:\Users\Robert\Documents\NetBeansProjects\AgileProject\Software_Code\AgileJavaHospitalProject\lib\javaee-endorsed-api-7.0\jsr181-api.jar;C:\Program Files\Java\jdk1.8.0_144\jre\lib\resources.jar;C:\Program Files\Java\jdk1.8.0_144\jre\lib\rt.jar;C:\Program Files\Java\jdk1.8.0_144\jre\lib\sunrsasign.jar;C:\Program Files\Java\jdk1.8.0_144\jre\lib\jsse.jar;C:\Program Files\Java\jdk1.8.0_144\jre\lib\jce.jar;C:\Program Files\Java\jdk1.8.0_144\jre\lib\charsets.jar;C:\Program Files\Java\jdk1.8.0_144\jre\lib\jfr.jar;C:\Program Files\Java\jdk1.8.0_144\jre\classes" />
    <property name="nb.junit.batch" value="true" />
    <property name="have.tests" value="true" />
    <property name="libs.junit_4.prop-maven-dependencies" value="junit:junit:4.12:jar" />
    <property name="jdk.launcher.addexports.5" value="java.management/sun.management=ALL-UNNAMED" />
    <property name="jdk.launcher.addexports.4" value="java.desktop/com.sun.java.swing.plaf.windows=ALL-UNNAMED" />
    <property name="java.util.logging.config.class" value="org.netbeans.core.startup.TopLogging" />
    <property name="jdk.launcher.addexports.3" value="java.desktop/sun.awt.im=ALL-UNNAMED" />
    <property name="jdk.launcher.addexports.2" value="java.desktop/java.awt.peer=ALL-UNNAMED" />
    <property name="jdk.launcher.addexports.1" value="java.base/jdk.internal.jrtfs=ALL-UNNAMED" />
    <property name="user.country" value="GB" />
    <property name="browser.context" value="C:\Users\Robert\Documents\NetBeansProjects\AgileProject\Software_Code\AgileJavaHospitalProject" />
    <property name="jdk.launcher.addexports.0" value="java.desktop/sun.awt=ALL-UNNAMED" />
    <property name="javadoc.notree" value="false" />
    <property name="do.debug.server" value="true" />
    <property name="javadoc.additionalparam" value="" />
    <property name="default.javac.target" value="1.4" />
    <property name="javac.classpath" value="lib\mysql-connector-java-8.0.19.jar" />
    <property name="build.classes.dir" value="build/web/WEB-INF/classes" />
    <property name="java.vendor" value="Oracle Corporation" />
    <property name="javac.target" value="1.8" />
    <property name="libs.hamcrest.prop-maven-dependencies" value="org.hamcrest:hamcrest-core:1.3:jar" />
    <property name="java.specification.version" value="1.8" />
    <property name="j2ee.platform.embeddableejb.classpath" value="" />
    <property name="war.ear.name" value="AgileJavaHospitalProject.war" />
    <property name="sun.arch.data.model" value="64" />
  </properties>
  <testcase classname="TreatmentFinder.DatabaseTest" name="testdbConnect" time="1.529" />
  <testcase classname="TreatmentFinder.DatabaseTest" name="testDbQuery" time="0.793" />
  <system-out><![CDATA[]]></system-out>
  <system-err><![CDATA[]]></system-err>
</testsuite>
